# JRE version: OpenJDK Runtime Environment JBR-17.0.6+10-829.9-nomod (17.0.6+10) (build 17.0.6+10-b829.9)
# Java VM: OpenJDK 64-Bit Server VM JBR-17.0.6+10-829.9-nomod (17.0.6+10-b829.9, mixed mode, tiered, compressed oops, compressed class ptrs, g1 gc, windows-amd64)
GC Precious Log:
 CPUs: 8 total, 8 available
 Memory: 16071M
 Large Page Support: Disabled
 NUMA Support: Disabled
 Compressed Oops: Enabled (32-bit)
 Heap Region Size: 1M
 Heap Min Capacity: 8M
 Heap Initial Capacity: 252M
 Heap Max Capacity: 2G
 Pre-touch: Disabled
 Parallel Workers: 8
 Concurrent Workers: 2
 Concurrent Refinement Workers: 8
 Periodic GC: Disabled
Heap:
 garbage-first heap   total 478208K, used 349565K [0x0000000080000000, 0x0000000100000000)
  region size 1024K, 78 young (79872K), 2 survivors (2048K)
 Metaspace       used 130497K, committed 131392K, reserved 1163264K
  class space    used 16936K, committed 17344K, reserved 1048576K
GC Heap History (20 events):
Event: 44.996 GC heap before
{Heap before GC invocations=85 (full 0):
 garbage-first heap   total 427008K, used 356725K [0x0000000080000000, 0x0000000100000000)
  region size 1024K, 169 young (173056K), 3 survivors (3072K)
 Metaspace       used 102098K, committed 102912K, reserved 1138688K
  class space    used 13824K, committed 14208K, reserved 1048576K
}
Event: 45.005 GC heap after
{Heap after GC invocations=86 (full 0):
 garbage-first heap   total 427008K, used 192355K [0x0000000080000000, 0x0000000100000000)
  region size 1024K, 9 young (9216K), 9 survivors (9216K)
 Metaspace       used 102098K, committed 102912K, reserved 1138688K
  class space    used 13824K, committed 14208K, reserved 1048576K
}
Event: 45.692 GC heap before
{Heap before GC invocations=86 (full 0):
 garbage-first heap   total 427008K, used 354147K [0x0000000080000000, 0x0000000100000000)
  region size 1024K, 167 young (171008K), 9 survivors (9216K)
 Metaspace       used 102137K, committed 102912K, reserved 1138688K
  class space    used 13828K, committed 14208K, reserved 1048576K
}
Event: 45.699 GC heap after
{Heap after GC invocations=87 (full 0):
 garbage-first heap   total 427008K, used 192835K [0x0000000080000000, 0x0000000100000000)
  region size 1024K, 9 young (9216K), 9 survivors (9216K)
 Metaspace       used 102137K, committed 102912K, reserved 1138688K
  class space    used 13828K, committed 14208K, reserved 1048576K
}
Event: 61.318 GC heap before
{Heap before GC invocations=87 (full 0):
 garbage-first heap   total 427008K, used 359747K [0x0000000080000000, 0x0000000100000000)
  region size 1024K, 172 young (176128K), 9 survivors (9216K)
 Metaspace       used 111329K, committed 112128K, reserved 1146880K
  class space    used 14877K, committed 15232K, reserved 1048576K
}
Event: 61.332 GC heap after
{Heap after GC invocations=88 (full 0):
 garbage-first heap   total 427008K, used 199529K [0x0000000080000000, 0x0000000100000000)
  region size 1024K, 18 young (18432K), 18 survivors (18432K)
 Metaspace       used 111329K, committed 112128K, reserved 1146880K
  class space    used 14877K, committed 15232K, reserved 1048576K
}
Event: 71.502 GC heap before
{Heap before GC invocations=88 (full 0):
 garbage-first heap   total 427008K, used 354153K [0x0000000080000000, 0x0000000100000000)
  region size 1024K, 170 young (174080K), 18 survivors (18432K)
 Metaspace       used 112578K, committed 113472K, reserved 1146880K
  class space    used 14971K, committed 15360K, reserved 1048576K
}
Event: 71.516 GC heap after
{Heap after GC invocations=89 (full 0):
 garbage-first heap   total 427008K, used 205858K [0x0000000080000000, 0x0000000100000000)
  region size 1024K, 10 young (10240K), 10 survivors (10240K)
 Metaspace       used 112578K, committed 113472K, reserved 1146880K
  class space    used 14971K, committed 15360K, reserved 1048576K
}
Event: 133.688 GC heap before
{Heap before GC invocations=89 (full 0):
 garbage-first heap   total 427008K, used 354338K [0x0000000080000000, 0x0000000100000000)
  region size 1024K, 156 young (159744K), 10 survivors (10240K)
 Metaspace       used 117934K, committed 118848K, reserved 1155072K
  class space    used 15655K, committed 16064K, reserved 1048576K
}
Event: 133.707 GC heap after
{Heap after GC invocations=90 (full 0):
 garbage-first heap   total 427008K, used 220160K [0x0000000080000000, 0x0000000100000000)
  region size 1024K, 20 young (20480K), 20 survivors (20480K)
 Metaspace       used 117934K, committed 118848K, reserved 1155072K
  class space    used 15655K, committed 16064K, reserved 1048576K
}
Event: 138.722 GC heap before
{Heap before GC invocations=90 (full 0):
 garbage-first heap   total 427008K, used 350208K [0x0000000080000000, 0x0000000100000000)
  region size 1024K, 148 young (151552K), 20 survivors (20480K)
 Metaspace       used 122737K, committed 123648K, reserved 1163264K
  class space    used 16221K, committed 16640K, reserved 1048576K
}
Event: 138.745 GC heap after
{Heap after GC invocations=91 (full 0):
 garbage-first heap   total 427008K, used 235644K [0x0000000080000000, 0x0000000100000000)
  region size 1024K, 16 young (16384K), 16 survivors (16384K)
 Metaspace       used 122737K, committed 123648K, reserved 1163264K
  class space    used 16221K, committed 16640K, reserved 1048576K
}
Event: 140.978 GC heap before
{Heap before GC invocations=91 (full 0):
 garbage-first heap   total 427008K, used 366716K [0x0000000080000000, 0x0000000100000000)
  region size 1024K, 128 young (131072K), 16 survivors (16384K)
 Metaspace       used 125781K, committed 126720K, reserved 1163264K
  class space    used 16581K, committed 17024K, reserved 1048576K
}
Event: 140.999 GC heap after
{Heap after GC invocations=92 (full 0):
 garbage-first heap   total 427008K, used 261898K [0x0000000080000000, 0x0000000100000000)
  region size 1024K, 16 young (16384K), 16 survivors (16384K)
 Metaspace       used 125781K, committed 126720K, reserved 1163264K
  class space    used 16581K, committed 17024K, reserved 1048576K
}
Event: 141.595 GC heap before
{Heap before GC invocations=92 (full 0):
 garbage-first heap   total 427008K, used 358154K [0x0000000080000000, 0x0000000100000000)
  region size 1024K, 84 young (86016K), 16 survivors (16384K)
 Metaspace       used 128179K, committed 129088K, reserved 1163264K
  class space    used 16783K, committed 17216K, reserved 1048576K
}
Event: 141.615 GC heap after
{Heap after GC invocations=93 (full 0):
 garbage-first heap   total 427008K, used 275241K [0x0000000080000000, 0x0000000100000000)
  region size 1024K, 12 young (12288K), 12 survivors (12288K)
 Metaspace       used 128179K, committed 129088K, reserved 1163264K
  class space    used 16783K, committed 17216K, reserved 1048576K
}
Event: 142.421 GC heap before
{Heap before GC invocations=94 (full 0):
 garbage-first heap   total 478208K, used 355113K [0x0000000080000000, 0x0000000100000000)
  region size 1024K, 91 young (93184K), 12 survivors (12288K)
 Metaspace       used 129665K, committed 130624K, reserved 1163264K
  class space    used 16890K, committed 17344K, reserved 1048576K
}
Event: 142.434 GC heap after
{Heap after GC invocations=95 (full 0):
 garbage-first heap   total 478208K, used 285696K [0x0000000080000000, 0x0000000100000000)
  region size 1024K, 11 young (11264K), 11 survivors (11264K)
 Metaspace       used 129665K, committed 130624K, reserved 1163264K
  class space    used 16890K, committed 17344K, reserved 1048576K
}
Event: 142.640 GC heap before
{Heap before GC invocations=95 (full 0):
 garbage-first heap   total 478208K, used 297984K [0x0000000080000000, 0x0000000100000000)
  region size 1024K, 23 young (23552K), 11 survivors (11264K)
 Metaspace       used 130162K, committed 131072K, reserved 1163264K
  class space    used 16931K, committed 17344K, reserved 1048576K
}
Event: 142.647 GC heap after
{Heap after GC invocations=96 (full 0):
 garbage-first heap   total 478208K, used 269693K [0x0000000080000000, 0x0000000100000000)
  region size 1024K, 2 young (2048K), 2 survivors (2048K)
 Metaspace       used 130162K, committed 131072K, reserved 1163264K
  class space    used 16931K, committed 17344K, reserved 1048576K
}

